\BOOKMARK [0][-]{figure.caption.1}{\376\377\000L\000E\000M\000B\000A\000R\000\040\000P\000E\000N\000G\000E\000S\000A\000H\000A\000N}{}% 1
\BOOKMARK [0][-]{chapter*.2}{\376\377\000P\000E\000R\000N\000Y\000A\000T\000A\000A\000N\000\040\000K\000E\000A\000S\000L\000I\000A\000N\000\040\000D\000I\000S\000E\000R\000T\000A\000S\000I}{}% 2
\BOOKMARK [0][-]{chapter*.2}{\376\377\000K\000A\000T\000A\000\040\000P\000E\000N\000G\000A\000N\000T\000A\000R}{}% 3
\BOOKMARK [0][-]{chapter*.3}{\376\377\000D\000A\000F\000T\000A\000R\000\040\000G\000A\000M\000B\000A\000R}{}% 4
\BOOKMARK [0][-]{chapter*.4}{\376\377\000D\000A\000F\000T\000A\000R\000\040\000T\000A\000B\000E\000L}{}% 5
\BOOKMARK [0][-]{chapter*.5}{\376\377\000N\000O\000M\000E\000N\000K\000L\000A\000T\000U\000R}{}% 6
\BOOKMARK [0][-]{chapter.1}{\376\377\0001\000\040\000P\000E\000N\000D\000A\000H\000U\000L\000U\000A\000N}{}% 7
\BOOKMARK [1][-]{section.1.1}{\376\377\0001\000.\0001\000\040\000L\000a\000t\000a\000r\000\040\000B\000e\000l\000a\000k\000a\000n\000g}{chapter.1}% 8
\BOOKMARK [1][-]{section.1.2}{\376\377\0001\000.\0002\000\040\000R\000u\000m\000u\000s\000a\000n\000\040\000M\000a\000s\000a\000l\000a\000h}{chapter.1}% 9
\BOOKMARK [1][-]{section.1.3}{\376\377\0001\000.\0003\000\040\000T\000u\000j\000u\000a\000n}{chapter.1}% 10
\BOOKMARK [1][-]{section.1.4}{\376\377\0001\000.\0004\000\040\000B\000a\000t\000a\000s\000a\000n\000\040\000M\000a\000s\000a\000l\000a\000h}{chapter.1}% 11
\BOOKMARK [1][-]{section.1.5}{\376\377\0001\000.\0005\000\040\000M\000a\000n\000f\000a\000a\000t}{chapter.1}% 12
\BOOKMARK [2][-]{subsection.1.5.1}{\376\377\0001\000.\0005\000.\0001\000\040\000C\000o\000n\000t\000o\000h\000\040\000S\000u\000b\000s\000e\000k\000s\000i\000\040}{section.1.5}% 13
\BOOKMARK [0][-]{chapter.2}{\376\377\0002\000\040\000K\000A\000J\000I\000A\000N\000\040\000P\000U\000S\000T\000A\000K\000A}{}% 14
\BOOKMARK [1][-]{section.2.1}{\376\377\0002\000.\0001\000\040\000C\000a\000r\000a\000\040\000M\000e\000n\000u\000l\000i\000s\000\040\000D\000a\000f\000t\000a\000r}{chapter.2}% 15
\BOOKMARK [1][-]{section.2.2}{\376\377\0002\000.\0002\000\040\000C\000a\000r\000a\000\040\000P\000e\000n\000u\000l\000i\000s\000a\000n\000\040\000P\000e\000r\000s\000a\000m\000a\000a\000n}{chapter.2}% 16
\BOOKMARK [1][-]{section.2.3}{\376\377\0002\000.\0003\000\040\000C\000a\000r\000a\000\040\000P\000e\000n\000u\000l\000i\000s\000a\000n\000\040\000T\000a\000b\000e\000l}{chapter.2}% 17
\BOOKMARK [1][-]{section.2.4}{\376\377\0002\000.\0004\000\040\000C\000a\000r\000a\000\040\000M\000e\000l\000e\000t\000a\000k\000a\000n\000\040\000G\000a\000m\000b\000a\000r}{chapter.2}% 18
\BOOKMARK [1][-]{section.2.5}{\376\377\0002\000.\0005\000\040\000C\000a\000r\000a\000\040\000M\000e\000m\000b\000u\000a\000t\000\040\000s\000i\000t\000a\000s\000i}{chapter.2}% 19
\BOOKMARK [1][-]{section.2.6}{\376\377\0002\000.\0006\000\040\000A\000l\000g\000o\000r\000i\000t\000m\000a}{chapter.2}% 20
\BOOKMARK [1][-]{section.2.7}{\376\377\0002\000.\0007\000\040\000T\000o\000o\000l\000s\000\040\000O\000n\000l\000i\000n\000e\000\040\000Y\000a\000n\000g\000\040\000C\000u\000k\000u\000p\000\040\000M\000e\000m\000b\000a\000n\000t\000u}{chapter.2}% 21
\BOOKMARK [2][-]{subsection.2.7.1}{\376\377\0002\000.\0007\000.\0001\000\040\000O\000n\000l\000i\000n\000e\000\040\000e\000q\000u\000a\000t\000i\000o\000n\000\040\000e\000d\000i\000t\000o\000r\000:\000\040\000H\000o\000s\000t\000M\000a\000t\000h\000\040}{section.2.7}% 22
\BOOKMARK [2][-]{subsection.2.7.2}{\376\377\0002\000.\0007\000.\0002\000\040\000D\000e\000t\000e\000x\000i\000f\000y\000\040\000L\000a\000T\000e\000X\000\040\000h\000a\000n\000d\000w\000r\000i\000t\000t\000e\000n\000\040\000s\000y\000m\000b\000o\000l\000\040\000r\000e\000c\000o\000g\000n\000i\000t\000i\000o\000n}{section.2.7}% 23
\BOOKMARK [2][-]{subsection.2.7.3}{\376\377\0002\000.\0007\000.\0003\000\040\000T\000a\000b\000l\000e\000s\000\040\000G\000e\000n\000e\000r\000a\000t\000o\000r\000\040}{section.2.7}% 24
\BOOKMARK [2][-]{subsection.2.7.4}{\376\377\0002\000.\0007\000.\0004\000\040\000L\000o\000n\000g\000\040\000T\000a\000b\000l\000e}{section.2.7}% 25
\BOOKMARK [1][-]{section.2.8}{\376\377\0002\000.\0008\000\040\000T\000a\000b\000e\000l\000\040\000R\000e\000n\000c\000a\000n\000a\000\040\000P\000e\000n\000e\000l\000i\000t\000i\000a\000n\000\040}{chapter.2}% 26
\BOOKMARK [0][-]{chapter.3}{\376\377\0003\000\040\000M\000E\000T\000O\000D\000O\000L\000O\000G\000I}{}% 27
\BOOKMARK [1][-]{section.3.1}{\376\377\0003\000.\0001\000\040\000D\000a\000t\000a}{chapter.3}% 28
\BOOKMARK [1][-]{section.3.2}{\376\377\0003\000.\0002\000\040\000P\000e\000m\000p\000r\000o\000s\000e\000s\000a\000n\000\040\000M\000u\000l\000a}{chapter.3}% 29
\BOOKMARK [1][-]{section.3.3}{\376\377\0003\000.\0003\000\040\000E\000k\000s\000t\000r\000a\000k\000s\000i\000\040\000F\000i\000t\000u\000r}{chapter.3}% 30
\BOOKMARK [2][-]{subsection.3.3.1}{\376\377\0003\000.\0003\000.\0001\000\040\000F\000i\000t\000u\000r\000\040\000W\000a\000r\000n\000a}{section.3.3}% 31
\BOOKMARK [2][-]{subsection.3.3.2}{\376\377\0003\000.\0003\000.\0002\000\040\000F\000i\000t\000u\000r\000\040\000P\000e\000r\000m\000u\000k\000a\000a\000n}{section.3.3}% 32
\BOOKMARK [1][-]{section.3.4}{\376\377\0003\000.\0004\000\040\000P\000e\000m\000b\000e\000l\000a\000j\000a\000r\000a\000n}{chapter.3}% 33
\BOOKMARK [1][-]{section.3.5}{\376\377\0003\000.\0005\000\040\000D\000e\000t\000e\000k\000s\000i}{chapter.3}% 34
\BOOKMARK [0][-]{chapter.4}{\376\377\0004\000\040\000P\000E\000N\000G\000U\000J\000I\000A\000N}{}% 35
\BOOKMARK [1][-]{section.4.1}{\376\377\0004\000.\0001\000\040\000P\000e\000n\000g\000u\000j\000i\000a\000n\000\040\000T\000e\000r\000h\000a\000d\000a\000p\000\040\000G\000a\000u\000s\000i\000a\000n\000\040\000N\000o\000i\000s\000e}{chapter.4}% 36
\BOOKMARK [1][-]{section.4.2}{\376\377\0004\000.\0002\000\040\000P\000e\000n\000g\000u\000j\000i\000a\000n\000\040\000T\000e\000r\000h\000a\000d\000a\000p\000\040\000d\000s\000t\000.\000.\000.}{chapter.4}% 37
\BOOKMARK [2][-]{subsection.4.2.1}{\376\377\0004\000.\0002\000.\0001\000\040\000d\000s\000t\0001\000.\000.}{section.4.2}% 38
\BOOKMARK [2][-]{subsection.4.2.2}{\376\377\0004\000.\0002\000.\0002\000\040\000d\000s\000t\0002}{section.4.2}% 39
\BOOKMARK [0][-]{chapter.5}{\376\377\0005\000\040\000P\000E\000N\000U\000T\000U\000P}{}% 40
\BOOKMARK [1][-]{section.5.1}{\376\377\0005\000.\0001\000\040\000K\000e\000s\000i\000m\000p\000u\000l\000a\000n}{chapter.5}% 41
\BOOKMARK [1][-]{section.5.2}{\376\377\0005\000.\0002\000\040\000S\000a\000r\000a\000n}{chapter.5}% 42
\BOOKMARK [0][-]{section.5.2}{\376\377\000D\000a\000f\000t\000a\000r\000\040\000P\000u\000s\000t\000a\000k\000a}{}% 43
\BOOKMARK [0][-]{appendix*.14}{\376\377\000B\000i\000o\000d\000a\000t\000a\000\040\000P\000e\000n\000u\000l\000i\000s}{}% 44
