\BOOKMARK [0][-]{figure.caption.1}{\376\377\000V\000A\000L\000I\000D\000A\000T\000I\000O\000N\000\040\000S\000H\000E\000E\000T}{}% 1
\BOOKMARK [0][-]{chapter*.2}{\376\377\000S\000T\000A\000T\000E\000M\000E\000N\000T\000\040\000O\000F\000\040\000T\000H\000E\000\040\000T\000H\000E\000S\000I\000S\000\040\000A\000U\000T\000H\000E\000N\000T\000I\000C\000Y}{}% 2
\BOOKMARK [0][-]{chapter*.2}{\376\377\000P\000R\000E\000F\000A\000C\000E}{}% 3
\BOOKMARK [0][-]{chapter*.3}{\376\377\000L\000I\000S\000T\000\040\000O\000F\000\040\000F\000I\000G\000U\000R\000E\000S}{}% 4
\BOOKMARK [0][-]{chapter*.4}{\376\377\000L\000I\000S\000T\000\040\000O\000F\000\040\000T\000A\000B\000L\000E\000S}{}% 5
\BOOKMARK [0][-]{chapter*.5}{\376\377\000N\000O\000M\000E\000N\000C\000L\000A\000T\000U\000R\000E}{}% 6
\BOOKMARK [0][-]{chapter.1}{\376\377\0001\000\040\000I\000N\000T\000R\000O\000D\000U\000C\000T\000I\000O\000N}{}% 7
\BOOKMARK [1][-]{section.1.1}{\376\377\0001\000.\0001\000\040\000B\000a\000c\000k\000g\000r\000o\000u\000n\000d}{chapter.1}% 8
\BOOKMARK [1][-]{section.1.2}{\376\377\0001\000.\0002\000\040\000F\000o\000r\000m\000u\000l\000a\000t\000i\000o\000n\000\040\000o\000f\000\040\000t\000h\000e\000\040\000P\000r\000o\000b\000l\000e\000m\000s}{chapter.1}% 9
\BOOKMARK [1][-]{section.1.3}{\376\377\0001\000.\0003\000\040\000O\000b\000j\000e\000c\000t\000i\000v\000e\000s}{chapter.1}% 10
\BOOKMARK [1][-]{section.1.4}{\376\377\0001\000.\0004\000\040\000S\000c\000o\000p\000e\000\040\000a\000n\000d\000\040\000L\000i\000m\000i\000t\000a\000t\000i\000o\000n\000s}{chapter.1}% 11
\BOOKMARK [1][-]{section.1.5}{\376\377\0001\000.\0005\000\040\000C\000o\000n\000t\000r\000i\000b\000u\000t\000i\000o\000n}{chapter.1}% 12
\BOOKMARK [0][-]{chapter.2}{\376\377\0002\000\040\000L\000I\000T\000E\000R\000A\000T\000U\000R\000E\000\040\000R\000E\000V\000I\000E\000W}{}% 13
\BOOKMARK [1][-]{section.2.1}{\376\377\0002\000.\0001\000\040\000E\000l\000d\000e\000r\000l\000y}{chapter.2}% 14
\BOOKMARK [1][-]{section.2.2}{\376\377\0002\000.\0002\000\040\000E\000l\000d\000e\000r\000l\000y\000\040\000P\000h\000y\000s\000i\000c\000a\000l\000\040\000I\000s\000s\000u\000e}{chapter.2}% 15
\BOOKMARK [2][-]{subsection.2.2.1}{\376\377\0002\000.\0002\000.\0001\000\040\000F\000r\000o\000z\000e\000n\000\040\000S\000h\000o\000u\000l\000d\000e\000r\000\040\000a\000n\000d\000\040\000E\000x\000e\000r\000c\000i\000s\000e\000\040\000A\000c\000t\000i\000v\000i\000t\000y}{section.2.2}% 16
\BOOKMARK [2][-]{subsection.2.2.2}{\376\377\0002\000.\0002\000.\0002\000\040\000T\000e\000n\000n\000i\000s\000\040\000E\000l\000b\000o\000w\000\040\000a\000n\000d\000\040\000E\000x\000e\000r\000c\000i\000s\000e\000\040\000A\000c\000t\000i\000v\000i\000t\000y}{section.2.2}% 17
\BOOKMARK [2][-]{subsection.2.2.3}{\376\377\0002\000.\0002\000.\0003\000\040\000K\000n\000e\000e\000\040\000P\000a\000i\000n\000\040\000a\000n\000d\000\040\000E\000x\000e\000r\000c\000i\000s\000e\000\040\000A\000c\000t\000i\000v\000i\000t\000y}{section.2.2}% 18
\BOOKMARK [1][-]{section.2.3}{\376\377\0002\000.\0003\000\040\000H\000u\000m\000a\000n\000\040\000P\000o\000s\000e\000\040\000E\000s\000t\000i\000m\000a\000t\000i\000o\000n}{chapter.2}% 19
\BOOKMARK [2][-]{subsection.2.3.1}{\376\377\0002\000.\0003\000.\0001\000\040\000T\000o\000p\000-\000D\000o\000w\000n\000\040\000A\000p\000p\000r\000o\000a\000c\000h}{section.2.3}% 20
\BOOKMARK [2][-]{subsection.2.3.2}{\376\377\0002\000.\0003\000.\0002\000\040\000B\000o\000t\000t\000o\000m\000-\000U\000p\000\040\000A\000p\000p\000r\000o\000a\000c\000h}{section.2.3}% 21
\BOOKMARK [1][-]{section.2.4}{\376\377\0002\000.\0004\000\040\000M\000e\000d\000i\000a\000P\000i\000p\000e\000\040\000P\000o\000s\000e\000\040\000E\000s\000t\000i\000m\000a\000t\000i\000o\000n}{chapter.2}% 22
\BOOKMARK [1][-]{section.2.5}{\376\377\0002\000.\0005\000\040\000D\000e\000e\000p\000\040\000L\000e\000a\000r\000n\000i\000n\000g}{chapter.2}% 23
\BOOKMARK [2][-]{subsection.2.5.1}{\376\377\0002\000.\0005\000.\0001\000\040\000C\000o\000n\000v\000o\000l\000u\000t\000i\000o\000n\000a\000l\000\040\000N\000e\000u\000r\000a\000l\000\040\000N\000e\000t\000w\000o\000r\000k\000\040\000\050\000C\000N\000N\000\051}{section.2.5}% 24
\BOOKMARK [2][-]{subsection.2.5.2}{\376\377\0002\000.\0005\000.\0002\000\040\000L\000o\000n\000g\000\040\000S\000h\000o\000r\000t\000-\000T\000e\000r\000m\000\040\000M\000e\000m\000o\000r\000y\000\040\000\050\000L\000S\000T\000M\000\051}{section.2.5}% 25
\BOOKMARK [1][-]{section.2.6}{\376\377\0002\000.\0006\000\040\000P\000e\000r\000f\000o\000r\000m\000a\000n\000c\000e\000\040\000M\000e\000t\000r\000i\000c\000s}{chapter.2}% 26
\BOOKMARK [2][-]{subsection.2.6.1}{\376\377\0002\000.\0006\000.\0001\000\040\000C\000o\000n\000f\000u\000s\000i\000o\000n\000\040\000M\000a\000t\000r\000i\000x}{section.2.6}% 27
\BOOKMARK [2][-]{subsection.2.6.2}{\376\377\0002\000.\0006\000.\0002\000\040\000A\000c\000c\000u\000r\000a\000c\000y}{section.2.6}% 28
\BOOKMARK [2][-]{subsection.2.6.3}{\376\377\0002\000.\0006\000.\0003\000\040\000L\000o\000s\000s}{section.2.6}% 29
\BOOKMARK [2][-]{subsection.2.6.4}{\376\377\0002\000.\0006\000.\0004\000\040\000P\000r\000e\000c\000i\000s\000i\000o\000n}{section.2.6}% 30
\BOOKMARK [2][-]{subsection.2.6.5}{\376\377\0002\000.\0006\000.\0005\000\040\000R\000e\000c\000a\000l\000l}{section.2.6}% 31
\BOOKMARK [2][-]{subsection.2.6.6}{\376\377\0002\000.\0006\000.\0006\000\040\000F\0001\000-\000S\000c\000o\000r\000e}{section.2.6}% 32
\BOOKMARK [0][-]{chapter.3}{\376\377\0003\000\040\000M\000E\000T\000H\000O\000D\000O\000L\000O\000G\000Y}{}% 33
\BOOKMARK [1][-]{section.3.1}{\376\377\0003\000.\0001\000\040\000P\000h\000y\000s\000i\000o\000E\000x\000e\000r\000c\000i\000s\000e\000\040\000D\000a\000t\000a\000s\000e\000t}{chapter.3}% 34
\BOOKMARK [2][-]{subsection.3.1.1}{\376\377\0003\000.\0001\000.\0001\000\040\000E\000l\000d\000e\000r\000l\000y\000\040\000E\000x\000e\000r\000c\000i\000s\000e\000\040\000S\000e\000l\000e\000c\000t\000i\000o\000n}{section.3.1}% 35
\BOOKMARK [2][-]{subsection.3.1.2}{\376\377\0003\000.\0001\000.\0002\000\040\000D\000a\000t\000a\000s\000e\000t\000\040\000A\000c\000q\000u\000i\000s\000i\000t\000i\000o\000n}{section.3.1}% 36
\BOOKMARK [2][-]{subsection.3.1.3}{\376\377\0003\000.\0001\000.\0003\000\040\000V\000i\000d\000e\000o\000\040\000F\000r\000a\000m\000e\000\040\000E\000x\000t\000r\000a\000c\000t\000i\000o\000n}{section.3.1}% 37
\BOOKMARK [1][-]{section.3.2}{\376\377\0003\000.\0002\000\040\000K\000e\000y\000p\000o\000i\000n\000t\000\040\000E\000x\000t\000r\000a\000c\000t\000i\000o\000n}{chapter.3}% 38
\BOOKMARK [1][-]{section.3.3}{\376\377\0003\000.\0003\000\040\000T\000r\000a\000i\000n\000i\000n\000g\000\040\000M\000o\000d\000e\000l}{chapter.3}% 39
\BOOKMARK [2][-]{subsection.3.3.1}{\376\377\0003\000.\0003\000.\0001\000\040\000C\000N\000N\000\040\000A\000r\000c\000h\000i\000t\000e\000c\000t\000u\000r\000e}{section.3.3}% 40
\BOOKMARK [2][-]{subsection.3.3.2}{\376\377\0003\000.\0003\000.\0002\000\040\000L\000S\000T\000M\000\040\000A\000r\000c\000h\000i\000t\000e\000c\000t\000u\000r\000e}{section.3.3}% 41
\BOOKMARK [2][-]{subsection.3.3.3}{\376\377\0003\000.\0003\000.\0003\000\040\000C\000N\000N\000-\000L\000S\000T\000M\000\040\000A\000r\000c\000h\000i\000t\000e\000c\000t\000u\000r\000e}{section.3.3}% 42
\BOOKMARK [2][-]{subsection.3.3.4}{\376\377\0003\000.\0003\000.\0004\000\040\000D\000e\000e\000p\000\040\000C\000N\000N\000-\000L\000S\000T\000M\000\040\000A\000r\000c\000h\000i\000t\000e\000c\000t\000u\000r\000e}{section.3.3}% 43
\BOOKMARK [0][-]{chapter.4}{\376\377\0004\000\040\000R\000E\000S\000U\000L\000T\000\040\000A\000N\000D\000\040\000D\000I\000S\000C\000U\000S\000S\000I\000O\000N}{}% 44
\BOOKMARK [1][-]{section.4.1}{\376\377\0004\000.\0001\000\040\000P\000h\000y\000s\000i\000o\000E\000x\000e\000r\000c\000i\000s\000e\000\040\000D\000a\000t\000a\000s\000e\000t}{chapter.4}% 45
\BOOKMARK [1][-]{section.4.2}{\376\377\0004\000.\0002\000\040\000V\000i\000d\000e\000o\000\040\000F\000r\000a\000m\000e\000\040\000E\000x\000t\000r\000a\000c\000t\000i\000o\000n}{chapter.4}% 46
\BOOKMARK [1][-]{section.4.3}{\376\377\0004\000.\0003\000\040\000K\000e\000y\000p\000o\000i\000n\000t\000\040\000E\000k\000s\000t\000r\000a\000c\000t\000i\000o\000n}{chapter.4}% 47
\BOOKMARK [1][-]{section.4.4}{\376\377\0004\000.\0004\000\040\000D\000a\000t\000a\000\040\000T\000r\000a\000i\000n\000i\000n\000g\000\040\000P\000r\000e\000p\000a\000r\000a\000t\000i\000o\000n}{chapter.4}% 48
\BOOKMARK [1][-]{section.4.5}{\376\377\0004\000.\0005\000\040\000P\000e\000r\000f\000o\000r\000m\000a\000n\000c\000e\000\040\000M\000e\000t\000r\000i\000c\000s\000\040\000E\000v\000a\000l\000u\000a\000t\000i\000o\000n}{chapter.4}% 49
\BOOKMARK [2][-]{subsection.4.5.1}{\376\377\0004\000.\0005\000.\0001\000\040\000C\000N\000N\000\040\000M\000o\000d\000e\000l\000\040\000P\000e\000r\000f\000o\000r\000m\000a\000n\000c\000e}{section.4.5}% 50
\BOOKMARK [2][-]{subsection.4.5.2}{\376\377\0004\000.\0005\000.\0002\000\040\000L\000S\000T\000M\000\040\000M\000o\000d\000e\000l\000\040\000P\000e\000r\000f\000o\000r\000m\000a\000n\000c\000e}{section.4.5}% 51
\BOOKMARK [2][-]{subsection.4.5.3}{\376\377\0004\000.\0005\000.\0003\000\040\000C\000N\000N\000-\000L\000S\000T\000M\000\040\000M\000o\000d\000e\000l\000\040\000P\000e\000r\000f\000o\000r\000m\000a\000n\000c\000e}{section.4.5}% 52
\BOOKMARK [2][-]{subsection.4.5.4}{\376\377\0004\000.\0005\000.\0004\000\040\000D\000e\000e\000p\000\040\000C\000N\000N\000-\000L\000S\000T\000M\000\040\000M\000o\000d\000e\000l\000\040\000P\000e\000r\000f\000o\000r\000m\000a\000n\000c\000e}{section.4.5}% 53
\BOOKMARK [1][-]{section.4.6}{\376\377\0004\000.\0006\000\040\000P\000e\000r\000f\000o\000r\000m\000a\000n\000c\000e\000\040\000A\000n\000a\000l\000y\000s\000i\000s\000\040\000o\000f\000\040\000M\000o\000d\000e\000l\000s}{chapter.4}% 54
\BOOKMARK [1][-]{section.4.7}{\376\377\0004\000.\0007\000\040\000P\000r\000o\000c\000e\000s\000s\000i\000n\000g\000\040\000T\000i\000m\000e\000\040\000S\000p\000e\000e\000d\000\040\000R\000e\000s\000u\000l\000t}{chapter.4}% 55
\BOOKMARK [0][-]{chapter.5}{\376\377\0005\000\040\000C\000O\000N\000C\000L\000U\000S\000I\000O\000N\000\040\000A\000N\000D\000\040\000S\000U\000G\000G\000E\000S\000T\000I\000O\000N}{}% 56
\BOOKMARK [1][-]{section.5.1}{\376\377\0005\000.\0001\000\040\000C\000o\000n\000c\000l\000u\000s\000i\000o\000n}{chapter.5}% 57
\BOOKMARK [1][-]{section.5.2}{\376\377\0005\000.\0002\000\040\000S\000u\000g\000g\000e\000s\000t\000i\000o\000n}{chapter.5}% 58
\BOOKMARK [0][-]{section.5.2}{\376\377\000B\000i\000b\000l\000i\000o\000g\000r\000a\000p\000h\000y}{}% 59
\BOOKMARK [0][-]{appendix*.52}{\376\377\000A\000u\000t\000h\000o\000r\000\040\000B\000i\000o\000g\000r\000a\000p\000h\000y}{}% 60
