This is pdfTeX, Version 3.141592653-2.6-1.40.25 (TeX Live 2023) (preloaded format=pdflatex 2023.5.18)  24 JUL 2024 08:11
entering extended mode
 restricted \write18 enabled.
 file:line:error style messages enabled.
 %&-line parsing enabled.
**c:/Users/Amikr/OneDrive/thesis-book/thesis-2024/thesis.tex
(c:/Users/Amikr/OneDrive/thesis-book/thesis-2024/thesis.tex
LaTeX2e <2022-11-01> patch level 1
L3 programming layer <2023-05-15> (c:/texlive/2023/texmf-dist/tex/latex/base/report.cls
Document Class: report 2022/07/02 v1.4n Standard LaTeX document class
(c:/texlive/2023/texmf-dist/tex/latex/base/size12.clo
File: size12.clo 2022/07/02 v1.4n Standard LaTeX file (size option)
)
\c@part=\count185
\c@chapter=\count186
\c@section=\count187
\c@subsection=\count188
\c@subsubsection=\count189
\c@paragraph=\count190
\c@subparagraph=\count191
\c@figure=\count192
\c@table=\count193
\abovecaptionskip=\skip48
\belowcaptionskip=\skip49
\bibindent=\dimen140
) (./lib/init.tex (c:/texlive/2023/texmf-dist/tex/generic/babel/babel.sty
Package: babel 2023/05/11 v3.89 The Babel package
\babel@savecnt=\count194
\U@D=\dimen141
\l@unhyphenated=\language87
 (c:/texlive/2023/texmf-dist/tex/generic/babel/txtbabel.def)
\bbl@readstream=\read2
\bbl@dirlevel=\count195
 (c:/texlive/2023/texmf-dist/tex/generic/babel-indonesian/bahasa.ldf
Language: bahasa 2017/02/15 v1.0m Bahasa Indonesia support from the babel system
 (c:/texlive/2023/texmf-dist/tex/generic/babel-indonesian/indonesian.ldf
Language: indonesian 2017/02/15 v1.0m Bahasa Indonesia support from the babel system
)) (c:/texlive/2023/texmf-dist/tex/generic/babel-english/american.ldf
Language: american 2017/06/06 v3.3r English support from the babel system
 (c:/texlive/2023/texmf-dist/tex/generic/babel-english/english.ldf
Language: english 2017/06/06 v3.3r English support from the babel system
Package babel Info: Hyphen rules for 'canadian' set to \l@english
(babel)             (\language0). Reported on input line 102.
Package babel Info: Hyphen rules for 'australian' set to \l@ukenglish
(babel)             (\language21). Reported on input line 105.
Package babel Info: Hyphen rules for 'newzealand' set to \l@ukenglish
(babel)             (\language21). Reported on input line 108.
))) (c:/texlive/2023/texmf-dist/tex/generic/babel/locale/en/babel-american.tex
Package babel Info: Importing font and identification data for american
(babel)             from babel-en-US.ini. Reported on input line 11.
) (c:/texlive/2023/texmf-dist/tex/latex/xcolor/xcolor.sty
Package: xcolor 2022/06/12 v2.14 LaTeX color extensions (UK)
 (c:/texlive/2023/texmf-dist/tex/latex/graphics-cfg/color.cfg
File: color.cfg 2016/01/02 v1.6 sample color configuration
)
Package xcolor Info: Driver file: pdftex.def on input line 227.
 (c:/texlive/2023/texmf-dist/tex/latex/graphics-def/pdftex.def
File: pdftex.def 2022/09/22 v1.2b Graphics/color driver for pdftex
) (c:/texlive/2023/texmf-dist/tex/latex/colortbl/colortbl.sty
Package: colortbl 2022/06/20 v1.0f Color table columns (DPC)
 (c:/texlive/2023/texmf-dist/tex/latex/tools/array.sty
Package: array 2022/09/04 v2.5g Tabular extension package (FMi)
\col@sep=\dimen142
\ar@mcellbox=\box51
\extrarowheight=\dimen143
\NC@list=\toks16
\extratabsurround=\skip50
\backup@length=\skip51
\ar@cellbox=\box52
)
\everycr=\toks17
\minrowclearance=\skip52
\rownum=\count196
) (c:/texlive/2023/texmf-dist/tex/latex/graphics/mathcolor.ltx)
Package xcolor Info: Model `cmy' substituted by `cmy0' on input line 1353.
Package xcolor Info: Model `hsb' substituted by `rgb' on input line 1357.
Package xcolor Info: Model `RGB' extended on input line 1369.
Package xcolor Info: Model `HTML' substituted by `rgb' on input line 1371.
Package xcolor Info: Model `Hsb' substituted by `hsb' on input line 1372.
Package xcolor Info: Model `tHsb' substituted by `hsb' on input line 1373.
Package xcolor Info: Model `HSB' substituted by `hsb' on input line 1374.
Package xcolor Info: Model `Gray' substituted by `gray' on input line 1375.
Package xcolor Info: Model `wave' substituted by `hsb' on input line 1376.
) (c:/texlive/2023/texmf-dist/tex/latex/hyperref/hyperref.sty
Package: hyperref 2023-04-22 v7.00x Hypertext links for LaTeX
 (c:/texlive/2023/texmf-dist/tex/generic/ltxcmds/ltxcmds.sty
Package: ltxcmds 2020-05-10 v1.25 LaTeX kernel commands for general use (HO)
) (c:/texlive/2023/texmf-dist/tex/generic/iftex/iftex.sty
Package: iftex 2022/02/03 v1.0f TeX engine tests
) (c:/texlive/2023/texmf-dist/tex/generic/pdftexcmds/pdftexcmds.sty
Package: pdftexcmds 2020-06-27 v0.33 Utility functions of pdfTeX for LuaTeX (HO)
 (c:/texlive/2023/texmf-dist/tex/generic/infwarerr/infwarerr.sty
Package: infwarerr 2019/12/03 v1.5 Providing info/warning/error messages (HO)
)
Package pdftexcmds Info: \pdf@primitive is available.
Package pdftexcmds Info: \pdf@ifprimitive is available.
Package pdftexcmds Info: \pdfdraftmode found.
) (c:/texlive/2023/texmf-dist/tex/latex/graphics/keyval.sty
Package: keyval 2022/05/29 v1.15 key=value parser (DPC)
\KV@toks@=\toks18
) (c:/texlive/2023/texmf-dist/tex/latex/kvsetkeys/kvsetkeys.sty
Package: kvsetkeys 2022-10-05 v1.19 Key value parser (HO)
) (c:/texlive/2023/texmf-dist/tex/generic/kvdefinekeys/kvdefinekeys.sty
Package: kvdefinekeys 2019-12-19 v1.6 Define keys (HO)
) (c:/texlive/2023/texmf-dist/tex/generic/pdfescape/pdfescape.sty
Package: pdfescape 2019/12/09 v1.15 Implements pdfTeX's escape features (HO)
) (c:/texlive/2023/texmf-dist/tex/latex/hycolor/hycolor.sty
Package: hycolor 2020-01-27 v1.10 Color options for hyperref/bookmark (HO)
) (c:/texlive/2023/texmf-dist/tex/latex/letltxmacro/letltxmacro.sty
Package: letltxmacro 2019/12/03 v1.6 Let assignment for LaTeX macros (HO)
) (c:/texlive/2023/texmf-dist/tex/latex/auxhook/auxhook.sty
Package: auxhook 2019-12-17 v1.6 Hooks for auxiliary files (HO)
) (c:/texlive/2023/texmf-dist/tex/latex/hyperref/nameref.sty
Package: nameref 2022-05-17 v2.50 Cross-referencing by name of section
 (c:/texlive/2023/texmf-dist/tex/latex/refcount/refcount.sty
Package: refcount 2019/12/15 v3.6 Data extraction from label references (HO)
) (c:/texlive/2023/texmf-dist/tex/generic/gettitlestring/gettitlestring.sty
Package: gettitlestring 2019/12/15 v1.6 Cleanup title references (HO)
 (c:/texlive/2023/texmf-dist/tex/latex/kvoptions/kvoptions.sty
Package: kvoptions 2022-06-15 v3.15 Key value format for package options (HO)
))
\c@section@level=\count197
) (c:/texlive/2023/texmf-dist/tex/latex/etoolbox/etoolbox.sty
Package: etoolbox 2020/10/05 v2.5k e-TeX tools for LaTeX (JAW)
\etb@tempcnta=\count198
)
\@linkdim=\dimen144
\Hy@linkcounter=\count199
\Hy@pagecounter=\count266
 (c:/texlive/2023/texmf-dist/tex/latex/hyperref/pd1enc.def
File: pd1enc.def 2023-04-22 v7.00x Hyperref: PDFDocEncoding definition (HO)
Now handling font encoding PD1 ...
... no UTF-8 mapping file for font encoding PD1
) (c:/texlive/2023/texmf-dist/tex/generic/intcalc/intcalc.sty
Package: intcalc 2019/12/15 v1.3 Expandable calculations with integers (HO)
)
\Hy@SavedSpaceFactor=\count267
 (c:/texlive/2023/texmf-dist/tex/latex/hyperref/puenc.def
File: puenc.def 2023-04-22 v7.00x Hyperref: PDF Unicode definition (HO)
Now handling font encoding PU ...
... no UTF-8 mapping file for font encoding PU
)
Package hyperref Info: Option `bookmarksnumbered' set `true' on input line 4065.
Package hyperref Info: Hyper figures OFF on input line 4182.
Package hyperref Info: Link nesting OFF on input line 4187.
Package hyperref Info: Hyper index ON on input line 4190.
Package hyperref Info: Plain pages OFF on input line 4197.
Package hyperref Info: Backreferencing OFF on input line 4202.
Package hyperref Info: Implicit mode ON; LaTeX internals redefined.
Package hyperref Info: Bookmarks ON on input line 4449.
\c@Hy@tempcnt=\count268
 (c:/texlive/2023/texmf-dist/tex/latex/url/url.sty
\Urlmuskip=\muskip16
Package: url 2013/09/16  ver 3.4  Verb mode for urls, etc.
)
LaTeX Info: Redefining \url on input line 4787.
\XeTeXLinkMargin=\dimen145
 (c:/texlive/2023/texmf-dist/tex/generic/bitset/bitset.sty
Package: bitset 2019/12/09 v1.3 Handle bit-vector datatype (HO)
 (c:/texlive/2023/texmf-dist/tex/generic/bigintcalc/bigintcalc.sty
Package: bigintcalc 2019/12/15 v1.5 Expandable calculations on big integers (HO)
))
\Fld@menulength=\count269
\Field@Width=\dimen146
\Fld@charsize=\dimen147
Package hyperref Info: Hyper figures OFF on input line 6066.
Package hyperref Info: Link nesting OFF on input line 6071.
Package hyperref Info: Hyper index ON on input line 6074.
Package hyperref Info: backreferencing OFF on input line 6081.
Package hyperref Info: Link coloring OFF on input line 6086.
Package hyperref Info: Link coloring with OCG OFF on input line 6091.
Package hyperref Info: PDF/A mode OFF on input line 6096.
 (c:/texlive/2023/texmf-dist/tex/latex/base/atbegshi-ltx.sty
Package: atbegshi-ltx 2021/01/10 v1.0c Emulation of the original atbegshi
package with kernel methods
)
\Hy@abspage=\count270
\c@Item=\count271
\c@Hfootnote=\count272
)
Package hyperref Info: Driver (autodetected): hpdftex.
 (c:/texlive/2023/texmf-dist/tex/latex/hyperref/hpdftex.def
File: hpdftex.def 2023-04-22 v7.00x Hyperref driver for pdfTeX
 (c:/texlive/2023/texmf-dist/tex/latex/base/atveryend-ltx.sty
Package: atveryend-ltx 2020/08/19 v1.0a Emulation of the original atveryend package
with kernel methods
)
\Fld@listcount=\count273
\c@bookmark@seq@number=\count274
 (c:/texlive/2023/texmf-dist/tex/latex/rerunfilecheck/rerunfilecheck.sty
Package: rerunfilecheck 2022-07-10 v1.10 Rerun checks for auxiliary files (HO)
 (c:/texlive/2023/texmf-dist/tex/generic/uniquecounter/uniquecounter.sty
Package: uniquecounter 2019/12/15 v1.4 Provide unlimited unique counter (HO)
)
Package uniquecounter Info: New unique counter `rerunfilecheck' on input line 285.
)
\Hy@SectionHShift=\skip53
) (c:/texlive/2023/texmf-dist/tex/latex/algorithm2e/algorithm2e.sty
Package: algorithm2e 2017/07/18 v5.2 algorithms environments
\c@AlgoLine=\count275
 (c:/texlive/2023/texmf-dist/tex/latex/base/ifthen.sty
Package: ifthen 2022/04/13 v1.1d Standard LaTeX ifthen package (DPC)
)
\algocf@hangindent=\skip54
 (c:/texlive/2023/texmf-dist/tex/latex/ifoddpage/ifoddpage.sty
Package: ifoddpage 2022/10/18 v1.2 Conditionals for odd/even page detection
\c@checkoddpage=\count276
) (c:/texlive/2023/texmf-dist/tex/latex/tools/xspace.sty
Package: xspace 2014/10/28 v1.13 Space after command names (DPC,MH)
) (c:/texlive/2023/texmf-dist/tex/latex/relsize/relsize.sty
Package: relsize 2013/03/29 ver 4.1
)
\skiptotal=\skip55
\skiplinenumber=\skip56
\skiprule=\skip57
\skiphlne=\skip58
\skiptext=\skip59
\skiplength=\skip60
\algomargin=\skip61
\skipalgocfslide=\skip62
\algowidth=\dimen148
\inoutsize=\dimen149
\inoutindent=\dimen150
\interspacetitleruled=\dimen151
\interspacealgoruled=\dimen152
\interspacetitleboxruled=\dimen153
\algocf@ruledwidth=\skip63
\algocf@inoutbox=\box53
\algocf@inputbox=\box54
\AlCapSkip=\skip64
\AlCapHSkip=\skip65
\algoskipindent=\skip66
\algocf@nlbox=\box55
\algocf@hangingbox=\box56
\algocf@untilbox=\box57
\algocf@skipuntil=\skip67
\algocf@capbox=\box58
\algocf@lcaptionbox=\skip68
\algoheightruledefault=\skip69
\algoheightrule=\skip70
\algotitleheightruledefault=\skip71
\algotitleheightrule=\skip72
\c@algocfline=\count277
\c@algocfproc=\count278
\c@algocf=\count279
\algocf@algoframe=\box59
\algocf@algobox=\box60
) (c:/texlive/2023/texmf-dist/tex/latex/base/inputenc.sty
Package: inputenc 2021/02/14 v1.3d Input encoding file
\inpenc@prehook=\toks19
\inpenc@posthook=\toks20
) (c:/texlive/2023/texmf-dist/tex/latex/graphics/graphicx.sty
Package: graphicx 2021/09/16 v1.2d Enhanced LaTeX Graphics (DPC,SPQR)
 (c:/texlive/2023/texmf-dist/tex/latex/graphics/graphics.sty
Package: graphics 2022/03/10 v1.4e Standard LaTeX Graphics (DPC,SPQR)
 (c:/texlive/2023/texmf-dist/tex/latex/graphics/trig.sty
Package: trig 2021/08/11 v1.11 sin cos tan (DPC)
) (c:/texlive/2023/texmf-dist/tex/latex/graphics-cfg/graphics.cfg
File: graphics.cfg 2016/06/04 v1.11 sample graphics configuration
)
Package graphics Info: Driver file: pdftex.def on input line 107.
)
\Gin@req@height=\dimen154
\Gin@req@width=\dimen155
) (c:/texlive/2023/texmf-dist/tex/latex/lipsum/lipsum.sty (c:/texlive/2023/texmf-dist/tex/latex/l3packages/l3keys2e/l3keys2e.sty (c:/texlive/2023/texmf-dist/tex/latex/l3kernel/expl3.sty
Package: expl3 2023-05-15 L3 programming layer (loader) 
 (c:/texlive/2023/texmf-dist/tex/latex/l3backend/l3backend-pdftex.def
File: l3backend-pdftex.def 2023-04-19 L3 backend support: PDF output (pdfTeX)
\l__color_backend_stack_int=\count280
\l__pdf_internal_box=\box61
))
Package: l3keys2e 2023-02-02 LaTeX2e option processing using LaTeX3 keys
)
Package: lipsum 2021-09-20 v2.7 150 paragraphs of Lorem Ipsum dummy text
\g__lipsum_par_int=\count281
\l__lipsum_a_int=\count282
\l__lipsum_b_int=\count283
 (c:/texlive/2023/texmf-dist/tex/latex/lipsum/lipsum.ltd.tex)) (c:/texlive/2023/texmf-dist/tex/latex/hyphenat/hyphenat.sty
Package: hyphenat 2009/09/02 v2.3c hyphenation utilities
\langwohyphens=\language88
LaTeX Info: Redefining \_ on input line 43.
) (c:/texlive/2023/texmf-dist/tex/latex/graphics/rotating.sty
Package: rotating 2016/08/11 v2.16d rotated objects in LaTeX
\c@r@tfl@t=\count284
\rotFPtop=\skip73
\rotFPbot=\skip74
\rot@float@box=\box62
\rot@mess@toks=\toks21
) (c:/texlive/2023/texmf-dist/tex/latex/booktabs/booktabs.sty
Package: booktabs 2020/01/12 v1.61803398 Publication quality tables
\heavyrulewidth=\dimen156
\lightrulewidth=\dimen157
\cmidrulewidth=\dimen158
\belowrulesep=\dimen159
\belowbottomsep=\dimen160
\aboverulesep=\dimen161
\abovetopsep=\dimen162
\cmidrulesep=\dimen163
\cmidrulekern=\dimen164
\defaultaddspace=\dimen165
\@cmidla=\count285
\@cmidlb=\count286
\@aboverulesep=\dimen166
\@belowrulesep=\dimen167
\@thisruleclass=\count287
\@lastruleclass=\count288
\@thisrulewidth=\dimen168
) (c:/texlive/2023/texmf-dist/tex/latex/graphics/lscape.sty
Package: lscape 2020/05/28 v3.02 Landscape Pages (DPC)
) (c:/texlive/2023/texmf-dist/tex/latex/algorithmicx/algpseudocode.sty
Package: algpseudocode 
 (c:/texlive/2023/texmf-dist/tex/latex/algorithmicx/algorithmicx.sty
Package: algorithmicx 2005/04/27 v1.2 Algorithmicx

Document Style algorithmicx 1.2 - a greatly improved `algorithmic' style
\c@ALG@line=\count289
\c@ALG@rem=\count290
\c@ALG@nested=\count291
\ALG@tlm=\skip75
\ALG@thistlm=\skip76
\c@ALG@Lnr=\count292
\c@ALG@blocknr=\count293
\c@ALG@storecount=\count294
\c@ALG@tmpcounter=\count295
\ALG@tmplength=\skip77
)
Document Style - pseudocode environments for use with the `algorithmicx' style
) (c:/texlive/2023/texmf-dist/tex/latex/base/makeidx.sty
Package: makeidx 2021/10/04 v1.0m Standard LaTeX package
)
\@indexfile=\write3
\openout3 = `thesis.idx'.


Writing index file thesis.idx
(c:/texlive/2023/texmf-dist/tex/latex/graphics/epsfig.sty
Package: epsfig 2017/06/25 v1.7b (e)psfig emulation (SPQR)
\epsfxsize=\dimen169
\epsfysize=\dimen170
) (c:/texlive/2023/texmf-dist/tex/latex/subfig/subfig.sty
Package: subfig 2005/06/28 ver: 1.3 subfig package
 (c:/texlive/2023/texmf-dist/tex/latex/caption/caption.sty
Package: caption 2023/03/12 v3.6j Customizing captions (AR)
 (c:/texlive/2023/texmf-dist/tex/latex/caption/caption3.sty
Package: caption3 2023/03/12 v2.4 caption3 kernel (AR)
\caption@tempdima=\dimen171
\captionmargin=\dimen172
\caption@leftmargin=\dimen173
\caption@rightmargin=\dimen174
\caption@width=\dimen175
\caption@indent=\dimen176
\caption@parindent=\dimen177
\caption@hangindent=\dimen178
Package caption Info: Standard document class detected.
)
\c@caption@flags=\count296
\c@continuedfloat=\count297
Package caption Info: hyperref package is loaded.
Package caption Info: rotating package is loaded.
)
\c@KVtest=\count298
\sf@farskip=\skip78
\sf@captopadj=\dimen179
\sf@capskip=\skip79
\sf@nearskip=\skip80
\c@subfigure=\count299
\c@subfigure@save=\count300
\c@lofdepth=\count301
\c@subtable=\count302
\c@subtable@save=\count303
\c@lotdepth=\count304
\sf@top=\skip81
\sf@bottom=\skip82
) (c:/texlive/2023/texmf-dist/tex/latex/pdflscape/pdflscape.sty
Package: pdflscape 2022-10-27 v0.13 Display of landscape pages in PDF
 (c:/texlive/2023/texmf-dist/tex/latex/pdflscape/pdflscape-nometadata.sty
Package: pdflscape-nometadata 2022-10-28 v0.13 Display of landscape pages in PDF (HO)
Package pdflscape Info: Auto-detected driver: pdftex on input line 81.
)) (c:/texlive/2023/texmf-dist/tex/latex/setspace/setspace.sty
Package: setspace 2022/12/04 v6.7b set line spacing
) (c:/texlive/2023/texmf-dist/tex/latex/type1cm/type1cm.sty
Package: type1cm 2002/09/05 v0.04 BlueSky/Y&Y Type1 CM font definitions (DPC, patched RF)
) (c:/texlive/2023/texmf-dist/tex/latex/tools/longtable.sty
Package: longtable 2021-09-01 v4.17 Multi-page Table package (DPC)
\LTleft=\skip83
\LTright=\skip84
\LTpre=\skip85
\LTpost=\skip86
\LTchunksize=\count305
\LTcapwidth=\dimen180
\LT@head=\box63
\LT@firsthead=\box64
\LT@foot=\box65
\LT@lastfoot=\box66
\LT@gbox=\box67
\LT@cols=\count306
\LT@rows=\count307
\c@LT@tables=\count308
\c@LT@chunks=\count309
\LT@p@ftn=\toks22
) (c:/texlive/2023/texmf-dist/tex/latex/lettrine/lettrine.sty
File: lettrine.sty 2023-04-18 v2.40 (Daniel Flipo)
 (c:/texlive/2023/texmf-dist/tex/latex/l3packages/xfp/xfp.sty
Package: xfp 2023-02-02 L3 Floating point unit
)
\c@DefaultLines=\count310
\c@DefaultDepth=\count311
\DefaultFindent=\dimen181
\DefaultNindent=\dimen182
\DefaultSlope=\dimen183
\DiscardVskip=\dimen184
\L@lbox=\box68
\L@tbox=\box69
\c@L@lines=\count312
\c@L@depth=\count313
\L@Pindent=\dimen185
\L@Findent=\dimen186
\L@Nindent=\dimen187
\L@lraise=\dimen188
\L@first=\dimen189
\L@next=\dimen190
\L@slope=\dimen191
\L@height=\dimen192
\L@novskip=\dimen193
\L@target@ht=\dimen194
\L@target@dp=\dimen195
\L@target@tht=\dimen196
\LettrineWidth=\dimen197
\LettrineHeight=\dimen198
\LettrineDepth=\dimen199

Loading lettrine.cfg
(c:/texlive/2023/texmf-dist/tex/latex/lettrine/lettrine.cfg)
\Llist@everypar=\toks23
) (c:/texlive/2023/texmf-dist/tex/latex/hyperref/backref.sty
Package: backref 2023/04/20 v1.42 Bibliographical back referencing
) (c:/texlive/2023/texmf-dist/tex/latex/multirow/multirow.sty
Package: multirow 2021/03/15 v2.8 Span multiple rows of a table
\multirow@colwidth=\skip87
\multirow@cntb=\count314
\multirow@dima=\skip88
\bigstrutjot=\dimen256
) (c:/texlive/2023/texmf-dist/tex/latex/eso-pic/eso-pic.sty
Package: eso-pic 2023/05/03 v3.0c eso-pic (RN)
\ESO@tempdima=\dimen257
\ESO@tempdimb=\dimen258
) (c:/texlive/2023/texmf-dist/tex/latex/fancyhdr/fancyhdr.sty
Package: fancyhdr 2022/11/09 v4.1 Extensive control of page headers and footers
\f@nch@headwidth=\skip89
\f@nch@O@elh=\skip90
\f@nch@O@erh=\skip91
\f@nch@O@olh=\skip92
\f@nch@O@orh=\skip93
\f@nch@O@elf=\skip94
\f@nch@O@erf=\skip95
\f@nch@O@olf=\skip96
\f@nch@O@orf=\skip97
) (c:/texlive/2023/texmf-dist/tex/latex/float/float.sty
Package: float 2001/11/08 v1.3d Float enhancements (AL)
\c@float@type=\count315
\float@exts=\toks24
\float@box=\box70
\@float@everytoks=\toks25
\@floatcapt=\box71
) (c:/texlive/2023/texmf-dist/tex/latex/morefloats/morefloats.sty
Package: morefloats 2015/07/22 v1.0h Raise limit of unprocessed floats (HMM)
Package morefloats Info: Maximum number of possible floats asked for: 36
(morefloats)             (i.e. 18 more floats).
(morefloats)             LaTeX might run out of memory before this
(morefloats)             (in which case it will notify you).
)
\@float@every@program=\toks26
\c@program=\count316
 (c:/texlive/2023/texmf-dist/tex/latex/amsmath/amsmath.sty
Package: amsmath 2022/04/08 v2.17n AMS math features
\@mathmargin=\skip98

For additional information on amsmath, use the `?' option.
(c:/texlive/2023/texmf-dist/tex/latex/amsmath/amstext.sty
Package: amstext 2021/08/26 v2.01 AMS text
 (c:/texlive/2023/texmf-dist/tex/latex/amsmath/amsgen.sty
File: amsgen.sty 1999/11/30 v2.0 generic functions
\@emptytoks=\toks27
\ex@=\dimen259
)) (c:/texlive/2023/texmf-dist/tex/latex/amsmath/amsbsy.sty
Package: amsbsy 1999/11/29 v1.2d Bold Symbols
\pmbraise@=\dimen260
) (c:/texlive/2023/texmf-dist/tex/latex/amsmath/amsopn.sty
Package: amsopn 2022/04/08 v2.04 operator names
)
\inf@bad=\count317
LaTeX Info: Redefining \frac on input line 234.
\uproot@=\count318
\leftroot@=\count319
LaTeX Info: Redefining \overline on input line 399.
LaTeX Info: Redefining \colon on input line 410.
\classnum@=\count320
\DOTSCASE@=\count321
LaTeX Info: Redefining \ldots on input line 496.
LaTeX Info: Redefining \dots on input line 499.
LaTeX Info: Redefining \cdots on input line 620.
\Mathstrutbox@=\box72
\strutbox@=\box73
LaTeX Info: Redefining \big on input line 722.
LaTeX Info: Redefining \Big on input line 723.
LaTeX Info: Redefining \bigg on input line 724.
LaTeX Info: Redefining \Bigg on input line 725.
\big@size=\dimen261
LaTeX Font Info:    Redeclaring font encoding OML on input line 743.
LaTeX Font Info:    Redeclaring font encoding OMS on input line 744.
\macc@depth=\count322
LaTeX Info: Redefining \bmod on input line 905.
LaTeX Info: Redefining \pmod on input line 910.
LaTeX Info: Redefining \smash on input line 940.
LaTeX Info: Redefining \relbar on input line 970.
LaTeX Info: Redefining \Relbar on input line 971.
\c@MaxMatrixCols=\count323
\dotsspace@=\muskip17
\c@parentequation=\count324
\dspbrk@lvl=\count325
\tag@help=\toks28
\row@=\count326
\column@=\count327
\maxfields@=\count328
\andhelp@=\toks29
\eqnshift@=\dimen262
\alignsep@=\dimen263
\tagshift@=\dimen264
\tagwidth@=\dimen265
\totwidth@=\dimen266
\lineht@=\dimen267
\@envbody=\toks30
\multlinegap=\skip99
\multlinetaggap=\skip100
\mathdisplay@stack=\toks31
LaTeX Info: Redefining \[ on input line 2953.
LaTeX Info: Redefining \] on input line 2954.
) (c:/texlive/2023/texmf-dist/tex/latex/ncctools/nccmath.sty
Package: nccmath 2006/01/20 v1.3 Additional Math Commands (NCC)
\NCC@fracrulewidth=\dimen268
) (c:/texlive/2023/texmf-dist/tex/latex/enumitem/enumitem.sty
Package: enumitem 2019/06/20 v3.9 Customized lists
\labelindent=\skip101
\enit@outerparindent=\dimen269
\enit@toks=\toks32
\enit@inbox=\box74
\enit@count@id=\count329
\enitdp@description=\count330
) (c:/texlive/2023/texmf-dist/tex/generic/ulem/ulem.sty
\UL@box=\box75
\UL@hyphenbox=\box76
\UL@skip=\skip102
\UL@hook=\toks33
\UL@height=\dimen270
\UL@pe=\count331
\UL@pixel=\dimen271
\ULC@box=\box77
Package: ulem 2019/11/18
\ULdepth=\dimen272
) (c:/texlive/2023/texmf-dist/tex/latex/pdfpages/pdfpages.sty
Package: pdfpages 2022/12/19 v0.5x Insert pages of external PDF documents (AM)
 (c:/texlive/2023/texmf-dist/tex/latex/tools/calc.sty
Package: calc 2017/05/25 v4.3 Infix arithmetic (KKT,FJ)
\calc@Acount=\count332
\calc@Bcount=\count333
\calc@Adimen=\dimen273
\calc@Bdimen=\dimen274
\calc@Askip=\skip103
\calc@Bskip=\skip104
LaTeX Info: Redefining \setlength on input line 80.
LaTeX Info: Redefining \addtolength on input line 81.
\calc@Ccount=\count334
\calc@Cskip=\skip105
)
\AM@pagewidth=\dimen275
\AM@pageheight=\dimen276
\AM@fboxrule=\dimen277
 (c:/texlive/2023/texmf-dist/tex/latex/pdfpages/pppdftex.def
File: pppdftex.def 2022/12/19 v0.5x Pdfpages driver for pdfTeX (AM)
)
\pdfpages@includegraphics@status=\count335
\AM@pagebox=\box78
\AM@global@opts=\toks34
\AM@pagecnt=\count336
\AM@toc@title=\toks35
\AM@lof@heading=\toks36
\c@AM@survey=\count337
\AM@templatesizebox=\box79
) (c:/texlive/2023/texmf-dist/tex/latex/titlesec/titlesec.sty
Package: titlesec 2021/07/05 v2.14 Sectioning titles
\ttl@box=\box80
\beforetitleunit=\skip106
\aftertitleunit=\skip107
\ttl@plus=\dimen278
\ttl@minus=\dimen279
\ttl@toksa=\toks37
\titlewidth=\dimen280
\titlewidthlast=\dimen281
\titlewidthfirst=\dimen282
) (c:/texlive/2023/texmf-dist/tex/latex/tools/multicol.sty
Package: multicol 2021/11/30 v1.9d multicolumn formatting (FMi)
\c@tracingmulticols=\count338
\mult@box=\box81
\multicol@leftmargin=\dimen283
\c@unbalance=\count339
\c@collectmore=\count340
\doublecol@number=\count341
\multicoltolerance=\count342
\multicolpretolerance=\count343
\full@width=\dimen284
\page@free=\dimen285
\premulticols=\dimen286
\postmulticols=\dimen287
\multicolsep=\skip108
\multicolbaselineskip=\skip109
\partial@page=\box82
\last@line=\box83
\maxbalancingoverflow=\dimen288
\mult@rightbox=\box84
\mult@grightbox=\box85
\mult@firstbox=\box86
\mult@gfirstbox=\box87
\@tempa=\box88
\@tempa=\box89
\@tempa=\box90
\@tempa=\box91
\@tempa=\box92
\@tempa=\box93
\@tempa=\box94
\@tempa=\box95
\@tempa=\box96
\@tempa=\box97
\@tempa=\box98
\@tempa=\box99
\@tempa=\box100
\@tempa=\box101
\@tempa=\box102
\@tempa=\box103
\@tempa=\box104
\@tempa=\box105
\@tempa=\box106
\@tempa=\box107
\@tempa=\box108
\@tempa=\box109
\@tempa=\box110
\@tempa=\box111
\@tempa=\box112
\@tempa=\box113
\@tempa=\box114
\@tempa=\box115
\@tempa=\box116
\@tempa=\box117
\@tempa=\box118
\@tempa=\box119
\@tempa=\box120
\@tempa=\box121
\@tempa=\box122
\@tempa=\box123
\c@minrows=\count344
\c@columnbadness=\count345
\c@finalcolumnbadness=\count346
\last@try=\dimen289
\multicolovershoot=\dimen290
\multicolundershoot=\dimen291
\mult@nat@firstbox=\box124
\colbreak@box=\box125
\mc@col@check@num=\count347
) (c:/texlive/2023/texmf-dist/tex/latex/listings/listings.sty
\lst@mode=\count348
\lst@gtempboxa=\box126
\lst@token=\toks38
\lst@length=\count349
\lst@currlwidth=\dimen292
\lst@column=\count350
\lst@pos=\count351
\lst@lostspace=\dimen293
\lst@width=\dimen294
\lst@newlines=\count352
\lst@lineno=\count353
\lst@maxwidth=\dimen295
 (c:/texlive/2023/texmf-dist/tex/latex/listings/lstmisc.sty
File: lstmisc.sty 2023/02/27 1.9 (Carsten Heinz)
\c@lstnumber=\count354
\lst@skipnumbers=\count355
\lst@framebox=\box127
) (c:/texlive/2023/texmf-dist/tex/latex/listings/listings.cfg
File: listings.cfg 2023/02/27 1.9 listings configuration
))
Package: listings 2023/02/27 1.9 (Carsten Heinz)
 (c:/texlive/2023/texmf-dist/tex/latex/wrapfig/wrapfig.sty
\wrapoverhang=\dimen296
\WF@size=\dimen297
\c@WF@wrappedlines=\count356
\WF@box=\box128
\WF@everypar=\toks39
Package: wrapfig 2003/01/31  v 3.6
) (c:/texlive/2023/texmf-dist/tex/latex/tools/tabularx.sty
Package: tabularx 2020/01/15 v2.11c `tabularx' package (DPC)
\TX@col@width=\dimen298
\TX@old@table=\dimen299
\TX@old@col=\dimen300
\TX@target=\dimen301
\TX@delta=\dimen302
\TX@cols=\count357
\TX@ftn=\toks40
) (c:/texlive/2023/texmf-dist/tex/latex/adjustbox/adjustbox.sty
Package: adjustbox 2022/10/17 v1.3a Adjusting TeX boxes (trim, clip, ...)
 (c:/texlive/2023/texmf-dist/tex/latex/xkeyval/xkeyval.sty
Package: xkeyval 2022/06/16 v2.9 package option processing (HA)
 (c:/texlive/2023/texmf-dist/tex/generic/xkeyval/xkeyval.tex (c:/texlive/2023/texmf-dist/tex/generic/xkeyval/xkvutils.tex
\XKV@toks=\toks41
\XKV@tempa@toks=\toks42
)
\XKV@depth=\count358
File: xkeyval.tex 2014/12/03 v2.7a key=value parser (HA)
)) (c:/texlive/2023/texmf-dist/tex/latex/adjustbox/adjcalc.sty
Package: adjcalc 2012/05/16 v1.1 Provides advanced setlength with multiple back-ends (calc, etex, pgfmath)
) (c:/texlive/2023/texmf-dist/tex/latex/adjustbox/trimclip.sty
Package: trimclip 2020/08/19 v1.2 Trim and clip general TeX material
 (c:/texlive/2023/texmf-dist/tex/latex/collectbox/collectbox.sty
Package: collectbox 2022/10/17 v0.4c Collect macro arguments as boxes
\collectedbox=\box129
)
\tc@llx=\dimen303
\tc@lly=\dimen304
\tc@urx=\dimen305
\tc@ury=\dimen306
Package trimclip Info: Using driver 'tc-pdftex.def'.
 (c:/texlive/2023/texmf-dist/tex/latex/adjustbox/tc-pdftex.def
File: tc-pdftex.def 2019/01/04 v2.2 Clipping driver for pdftex
))
\adjbox@Width=\dimen307
\adjbox@Height=\dimen308
\adjbox@Depth=\dimen309
\adjbox@Totalheight=\dimen310
\adjbox@pwidth=\dimen311
\adjbox@pheight=\dimen312
\adjbox@pdepth=\dimen313
\adjbox@ptotalheight=\dimen314
 (c:/texlive/2023/texmf-dist/tex/latex/varwidth/varwidth.sty
Package: varwidth 2009/03/30 ver 0.92;  Variable-width minipages
\@vwid@box=\box130
\sift@deathcycles=\count359
\@vwid@loff=\dimen315
\@vwid@roff=\dimen316
)) (c:/texlive/2023/texmf-dist/tex/latex/ragged2e/ragged2e.sty
Package: ragged2e 2023/04/04 v3.5 ragged2e Package
\CenteringLeftskip=\skip110
\RaggedLeftLeftskip=\skip111
\RaggedRightLeftskip=\skip112
\CenteringRightskip=\skip113
\RaggedLeftRightskip=\skip114
\RaggedRightRightskip=\skip115
\CenteringParfillskip=\skip116
\RaggedLeftParfillskip=\skip117
\RaggedRightParfillskip=\skip118
\JustifyingParfillskip=\skip119
\CenteringParindent=\skip120
\RaggedLeftParindent=\skip121
\RaggedRightParindent=\skip122
\JustifyingParindent=\skip123
) (c:/texlive/2023/texmf-dist/tex/latex/geometry/geometry.sty
Package: geometry 2020/01/02 v5.9 Page Geometry
 (c:/texlive/2023/texmf-dist/tex/generic/iftex/ifvtex.sty
Package: ifvtex 2019/10/25 v1.7 ifvtex legacy package. Use iftex instead.
)
\Gm@cnth=\count360
\Gm@cntv=\count361
\c@Gm@tempcnt=\count362
\Gm@bindingoffset=\dimen317
\Gm@wd@mp=\dimen318
\Gm@odd@mp=\dimen319
\Gm@even@mp=\dimen320
\Gm@layoutwidth=\dimen321
\Gm@layoutheight=\dimen322
\Gm@layouthoffset=\dimen323
\Gm@layoutvoffset=\dimen324
\Gm@dimlist=\toks43
) (c:/texlive/2023/texmf-dist/tex/latex/natbib/natbib.sty
Package: natbib 2010/09/13 8.31b (PWD, AO)
\bibhang=\skip124
\bibsep=\skip125
LaTeX Info: Redefining \cite on input line 694.
\c@NAT@ctr=\count363
) (c:/texlive/2023/texmf-dist/tex/latex/siunitx/siunitx.sty
Package: siunitx 2023-04-13 v3.2.5 A comprehensive (SI) units package
\l__siunitx_angle_tmp_dim=\dimen325
\l__siunitx_angle_marker_box=\box131
\l__siunitx_angle_unit_box=\box132
\l__siunitx_compound_count_int=\count364
 (c:/texlive/2023/texmf-dist/tex/latex/translations/translations.sty
Package: translations 2022/02/05 v1.12 internationalization of LaTeX2e packages (CN)
)
\l__siunitx_number_exponent_fixed_int=\count365
\l__siunitx_number_min_decimal_int=\count366
\l__siunitx_number_min_integer_int=\count367
\l__siunitx_number_round_precision_int=\count368
\l__siunitx_number_lower_threshold_int=\count369
\l__siunitx_number_upper_threshold_int=\count370
\l__siunitx_number_group_first_int=\count371
\l__siunitx_number_group_size_int=\count372
\l__siunitx_number_group_minimum_int=\count373
\l__siunitx_table_tmp_box=\box133
\l__siunitx_table_tmp_dim=\dimen326
\l__siunitx_table_column_width_dim=\dimen327
\l__siunitx_table_integer_box=\box134
\l__siunitx_table_decimal_box=\box135
\l__siunitx_table_uncert_box=\box136
\l__siunitx_table_before_box=\box137
\l__siunitx_table_after_box=\box138
\l__siunitx_table_before_dim=\dimen328
\l__siunitx_table_carry_dim=\dimen329
\l__siunitx_unit_tmp_int=\count374
\l__siunitx_unit_position_int=\count375
\l__siunitx_unit_total_int=\count376
) (c:/texlive/2023/texmf-dist/tex/generic/dirtree/dirtree.sty
Package: dirtree 2012/12/11 v0.32 package wrapper for dirtree
 (c:/texlive/2023/texmf-dist/tex/generic/dirtree/dirtree.tex `dirtree' v0.32, 2012/12/11 (jcc)
\DT@offset=\dimen330
\DT@width=\dimen331
\DT@sep=\dimen332
\DT@all=\dimen333
\DT@rulewidth=\dimen334
\DT@dotwidth=\dimen335
\DTbaselineskip=\dimen336
\DT@counti=\count377
\DT@countii=\count378
\DT@countiii=\count379
\DT@countiv=\count380
\DT@indent=\dimen337
\DT@parskip=\dimen338
\DT@baselineskip=\dimen339
)
File: dirtree.tex 2012/12/11 v0.32 `dirtree' (jcc)
) (c:/texlive/2023/texmf-dist/tex/latex/tools/afterpage.sty
Package: afterpage 2014/10/28 v1.08 After-Page Package (DPC)
\AP@output=\toks44
\AP@partial=\box139
\AP@footins=\box140
) (c:/texlive/2023/texmf-dist/tex/latex/changepage/changepage.sty
Package: changepage 2009/10/20 v1.0c check page and change page layout
\c@cp@cntr=\count381
\cp@tempcnt=\count382
LaTeX Info: Redefining \checkoddpage on input line 59.
)) (./thesis.aux)
\openout1 = `thesis.aux'.

LaTeX Font Info:    Checking defaults for OML/cmm/m/it on input line 133.
LaTeX Font Info:    ... okay on input line 133.
LaTeX Font Info:    Checking defaults for OMS/cmsy/m/n on input line 133.
LaTeX Font Info:    ... okay on input line 133.
LaTeX Font Info:    Checking defaults for OT1/cmr/m/n on input line 133.
LaTeX Font Info:    ... okay on input line 133.
LaTeX Font Info:    Checking defaults for T1/cmr/m/n on input line 133.
LaTeX Font Info:    ... okay on input line 133.
LaTeX Font Info:    Checking defaults for TS1/cmr/m/n on input line 133.
LaTeX Font Info:    ... okay on input line 133.
LaTeX Font Info:    Checking defaults for OMX/cmex/m/n on input line 133.
LaTeX Font Info:    ... okay on input line 133.
LaTeX Font Info:    Checking defaults for U/cmr/m/n on input line 133.
LaTeX Font Info:    ... okay on input line 133.
LaTeX Font Info:    Checking defaults for PD1/pdf/m/n on input line 133.
LaTeX Font Info:    ... okay on input line 133.
LaTeX Font Info:    Checking defaults for PU/pdf/m/n on input line 133.
LaTeX Font Info:    ... okay on input line 133.
 (c:/texlive/2023/texmf-dist/tex/context/base/mkii/supp-pdf.mkii
[Loading MPS to PDF converter (version 2006.09.02).]
\scratchcounter=\count383
\scratchdimen=\dimen340
\scratchbox=\box141
\nofMPsegments=\count384
\nofMParguments=\count385
\everyMPshowfont=\toks45
\MPscratchCnt=\count386
\MPscratchDim=\dimen341
\MPnumerator=\count387
\makeMPintoPDFobject=\count388
\everyMPtoPDFconversion=\toks46
) (c:/texlive/2023/texmf-dist/tex/latex/epstopdf-pkg/epstopdf-base.sty
Package: epstopdf-base 2020-01-24 v2.11 Base part for package epstopdf
Package epstopdf-base Info: Redefining graphics rule for `.eps' on input line 485.
 (c:/texlive/2023/texmf-dist/tex/latex/latexconfig/epstopdf-sys.cfg
File: epstopdf-sys.cfg 2010/07/13 v1.3 Configuration of (r)epstopdf for TeX Live
))
Package hyperref Info: Link coloring OFF on input line 133.
 (./thesis.out) (./thesis.out)
\@outlinefile=\write4
\openout4 = `thesis.out'.

Package caption Info: Begin \AtBeginDocument code.
Package caption Info: subfig package v1.3 is loaded.
Package caption Info: changepage package is loaded.
\caption@adjustwidth@hsize=\dimen342
\caption@adjustwidth@linewidth=\dimen343
Package caption Info: float package is loaded.
Package caption Info: listings package is loaded.
Package caption Info: longtable package is loaded.
 (c:/texlive/2023/texmf-dist/tex/latex/caption/ltcaption.sty
Package: ltcaption 2021/01/08 v1.4c longtable captions (AR)
)
Package caption Info: wrapfig package is loaded.
Package caption Info: End \AtBeginDocument code.
Package backref Info: ** backref set up for natbib ** on input line 133.
\c@lstlisting=\count389

*geometry* driver: auto-detecting
*geometry* detected driver: pdftex
*geometry* verbose mode - [ preamble ] result:
* driver: pdftex
* paper: a4paper
* layout: <same size as paper>
* layoutoffset:(h,v)=(0.0pt,0.0pt)
* modes: twoside 
* h-part:(L,W,R)=(113.81102pt, 398.3386pt, 85.35826pt)
* v-part:(T,H,B)=(99.58464pt, 660.10394pt, 85.35826pt)
* \paperwidth=597.50787pt
* \paperheight=845.04684pt
* \textwidth=398.3386pt
* \textheight=660.10394pt
* \oddsidemargin=41.54103pt
* \evensidemargin=13.08827pt
* \topmargin=-9.68535pt
* \headheight=12.0pt
* \headsep=25.0pt
* \topskip=12.0pt
* \footskip=30.0pt
* \marginparwidth=85.0pt
* \marginparsep=10.0pt
* \columnsep=10.0pt
* \skip\footins=10.8pt plus 4.0pt minus 2.0pt
* \hoffset=0.0pt
* \voffset=0.0pt
* \mag=1000
* \@twocolumnfalse
* \@twosidetrue
* \@mparswitchtrue
* \@reversemarginfalse
* (1in=72.27pt=25.4mm, 1cm=28.453pt)

(c:/texlive/2023/texmf-dist/tex/latex/translations/translations-basic-dictionary-english.trsl
File: translations-basic-dictionary-english.trsl (english translation file `translations-basic-dictionary')
)
Package translations Info: no dictionary file `translations-basic-dictionary-malay.trsl' found. on input line 133.
 (./lib/TataLetak.tex (./lib/cover.tex
LaTeX Font Info:    Trying to load font information for OT1+phv on input line 1.
 (c:/texlive/2023/texmf-dist/tex/latex/psnfss/ot1phv.fd
File: ot1phv.fd 2020/03/25 scalable font definitions for OT1/phv.
)
<./lib/LogoITS.png, id=243, 99.5355pt x 99.5355pt>
File: ./lib/LogoITS.png Graphic file (type png)
<use ./lib/LogoITS.png>
Package pdftex.def Info: ./lib/LogoITS.png  used on input line 5.
(pdftex.def)             Requested size: 99.53525pt x 99.53525pt.
<./lib/BeltFte.png, id=245, 2830.575pt x 60.225pt>
File: ./lib/BeltFte.png Graphic file (type png)
<use ./lib/BeltFte.png>
Package pdftex.def Info: ./lib/BeltFte.png  used on input line 11.
(pdftex.def)             Requested size: 597.50787pt x 12.71286pt.

Overfull \hbox (17.62482pt too wide) in paragraph at lines 11--13
[][]
 []


Underfull \hbox (badness 10000) in paragraph at lines 35--40

 []

[1

{c:/texlive/2023/texmf-var/fonts/map/pdftex/updmap/pdftex.map} <./lib/LogoITS.png> <./lib/beltFte.png>]) [2

] (./lib/pengesahan.tex
<./lib/background.png, id=261, 1706.375pt x 2208.25pt>
File: ./lib/background.png Graphic file (type png)
<use ./lib/background.png>
Package pdftex.def Info: ./lib/background.png  used on input line 109.
(pdftex.def)             Requested size: 652.98575pt x 845.04684pt.

Overfull \hbox (55.47787pt too wide) has occurred while \output is active
 [][] 
 []

[3 <./lib/BackGround.png>]) [4

] [5

] [6

] (./ubah/pengantar.tex) [7{c:/texlive/2023/texmf-dist/fonts/enc/dvips/cm-super/cm-super-ts1.enc}] [8

] (./ubah/abstrakEng.tex (./lib/identitasabstrakEng.tex
Overfull \hbox (128.75157pt too wide) in paragraph at lines 6--13
[][] 
 []

)) [9] [10

] (./ubah/abstrak.tex (./lib/identitasabstrak.tex
Overfull \hbox (88.73671pt too wide) in paragraph at lines 34--35
[][]
 []


Underfull \hbox (badness 10000) in paragraph at lines 34--35

 []

)) [11] [12

] (./thesis.toc [13

])
\tf@toc=\write5
\openout5 = `thesis.toc'.

 [14] (./thesis.lof [15


])
\tf@lof=\write6
\openout6 = `thesis.lof'.

 [16] (./thesis.lot)
\tf@lot=\write7
\openout7 = `thesis.lot'.

 [17


] [18

] (./ubah/nomenklatur.tex [19]) [20

]) (./bab1/bab1.tex
Chapter 1.
[1

]
Underfull \vbox (badness 10000) has occurred while \output is active []

 [2]
Underfull \vbox (badness 10000) has occurred while \output is active []

 [3]
Underfull \vbox (badness 10000) has occurred while \output is active []

 [4] [5] [6]) [7] [8

] (./bab2/bab2.tex
Chapter 2.
<bab2/ar_PopulationbyAge.png, id=596, 479.391pt x 343.88475pt>
File: bab2/ar_PopulationbyAge.png Graphic file (type png)
<use bab2/ar_PopulationbyAge.png>
Package pdftex.def Info: bab2/ar_PopulationbyAge.png  used on input line 12.
(pdftex.def)             Requested size: 298.75394pt x 214.3135pt.
[9

 <./bab2/ar_PopulationbyAge.png>]
<bab2/ar_FrozenShoulder.png, id=607, 687.56876pt x 1073.00874pt>
File: bab2/ar_FrozenShoulder.png Graphic file (type png)
<use bab2/ar_FrozenShoulder.png>
Package pdftex.def Info: bab2/ar_FrozenShoulder.png  used on input line 35.
(pdftex.def)             Requested size: 298.75394pt x 466.23111pt.


LaTeX Warning: `!h' float specifier changed to `!ht'.

[10] [11 <./bab2/ar_FrozenShoulder.png (PNG copy)>]
Underfull \vbox (badness 10000) has occurred while \output is active []

 [12]
<bab2/ar_TennisElbow.png, id=640, 985.05pt x 506.88pt>
File: bab2/ar_TennisElbow.png Graphic file (type png)
<use bab2/ar_TennisElbow.png>
Package pdftex.def Info: bab2/ar_TennisElbow.png  used on input line 63.
(pdftex.def)             Requested size: 318.67209pt x 163.97607pt.
 [13 <./bab2/ar_TennisElbow.png>]
<bab2/ar_KneePain.png, id=653, 983.675pt x 553.06625pt>
File: bab2/ar_KneePain.png Graphic file (type png)
<use bab2/ar_KneePain.png>
Package pdftex.def Info: bab2/ar_KneePain.png  used on input line 83.
(pdftex.def)             Requested size: 358.50229pt x 201.56792pt.


LaTeX Warning: `!h' float specifier changed to `!ht'.


Underfull \vbox (badness 2762) has occurred while \output is active []

 [14] [15 <./bab2/ar_KneePain.png>]
Underfull \vbox (badness 6559) has occurred while \output is active []

 [16]
<bab2/ar_TopDown.png, id=711, 1368.61313pt x 438.13687pt>
File: bab2/ar_TopDown.png Graphic file (type png)
<use bab2/ar_TopDown.png>
Package pdftex.def Info: bab2/ar_TopDown.png  used on input line 109.
(pdftex.def)             Requested size: 358.50229pt x 114.76863pt.
 [17 <./bab2/ar_TopDown.png>]
<bab2/ar_BottomUp.png, id=736, 1353.55687pt x 270.25969pt>
File: bab2/ar_BottomUp.png Graphic file (type png)
<use bab2/ar_BottomUp.png>
Package pdftex.def Info: bab2/ar_BottomUp.png  used on input line 122.
(pdftex.def)             Requested size: 358.50229pt x 71.58136pt.
 [18 <./bab2/ar_BottomUp.png>]
<bab2/ar_BlazePoseKeypointTopology.png, id=751, 741.52031pt x 424.58624pt>
File: bab2/ar_BlazePoseKeypointTopology.png Graphic file (type png)
<use bab2/ar_BlazePoseKeypointTopology.png>
Package pdftex.def Info: bab2/ar_BlazePoseKeypointTopology.png  used on input line 135.
(pdftex.def)             Requested size: 398.3386pt x 228.08755pt.
 [19 <./bab2/ar_BlazePoseKeypointTopology.png>]
<bab2/ar_InferencePipeline.png, id=763, 402.75468pt x 174.6525pt>
File: bab2/ar_InferencePipeline.png Graphic file (type png)
<use bab2/ar_InferencePipeline.png>
Package pdftex.def Info: bab2/ar_InferencePipeline.png  used on input line 146.
(pdftex.def)             Requested size: 298.75394pt x 129.55263pt.
 [20 <./bab2/ar_InferencePipeline.png>]
<bab2/ar_DLArchitecture.png, id=774, 529.98pt x 219.82124pt>
File: bab2/ar_DLArchitecture.png Graphic file (type png)
<use bab2/ar_DLArchitecture.png>
Package pdftex.def Info: bab2/ar_DLArchitecture.png  used on input line 160.
(pdftex.def)             Requested size: 358.50229pt x 148.69829pt.
 [21 <./bab2/ar_DLArchitecture.png>]
<bab2/ar_CNNArchitecture.png, id=787, 618.81187pt x 174.6525pt>
File: bab2/ar_CNNArchitecture.png Graphic file (type png)
<use bab2/ar_CNNArchitecture.png>
Package pdftex.def Info: bab2/ar_CNNArchitecture.png  used on input line 178.
(pdftex.def)             Requested size: 398.3386pt x 112.43013pt.

Underfull \vbox (badness 2762) has occurred while \output is active []

 [22]
Underfull \vbox (badness 10000) has occurred while \output is active []

 [23 <./bab2/ar_CNNArchitecture.png>]
<bab2/ar_OneCellLSTM.png, id=805, 309.5565pt x 198.14024pt>
File: bab2/ar_OneCellLSTM.png Graphic file (type png)
<use bab2/ar_OneCellLSTM.png>
Package pdftex.def Info: bab2/ar_OneCellLSTM.png  used on input line 194.
(pdftex.def)             Requested size: 298.75394pt x 191.2404pt.
 [24 <./bab2/ar_OneCellLSTM.png>]
Underfull \vbox (badness 10000) has occurred while \output is active []

 [25]
<bab2/ar_confmatrix.png, id=830, 526.21594pt x 523.9575pt>
File: bab2/ar_confmatrix.png Graphic file (type png)
<use bab2/ar_confmatrix.png>
Package pdftex.def Info: bab2/ar_confmatrix.png  used on input line 249.
(pdftex.def)             Requested size: 199.1693pt x 198.31442pt.
<bab2/ar_Accuracy.png, id=831, 380.92313pt x 382.42876pt>
File: bab2/ar_Accuracy.png Graphic file (type png)
<use bab2/ar_Accuracy.png>
Package pdftex.def Info: bab2/ar_Accuracy.png  used on input line 259.
(pdftex.def)             Requested size: 199.1693pt x 199.9553pt.


LaTeX Warning: `!h' float specifier changed to `!ht'.


Underfull \vbox (badness 2884) has occurred while \output is active []

 [26 <./bab2/ar_confmatrix.png>]
<bab2/ar_Precision.png, id=838, 374.90062pt x 389.20406pt>
File: bab2/ar_Precision.png Graphic file (type png)
<use bab2/ar_Precision.png>
Package pdftex.def Info: bab2/ar_Precision.png  used on input line 282.
(pdftex.def)             Requested size: 199.1693pt x 206.77008pt.


LaTeX Warning: `!h' float specifier changed to `!ht'.


Underfull \vbox (badness 7081) has occurred while \output is active []

 [27 <./bab2/ar_Accuracy.png>]
<bab2/ar_Recall.png, id=846, 398.99063pt x 375.65344pt>
File: bab2/ar_Recall.png Graphic file (type png)
<use bab2/ar_Recall.png>
Package pdftex.def Info: bab2/ar_Recall.png  used on input line 300.
(pdftex.def)             Requested size: 199.1693pt x 187.51672pt.


LaTeX Warning: `!h' float specifier changed to `!ht'.

[28 <./bab2/ar_Precision.png>]) [29 <./bab2/ar_Recall.png>] [30

] (./bab3/bab3.tex
Chapter 3.
<bab3/ar_BlockDiagram4.png, id=868, 1308.38812pt x 450.9347pt>
File: bab3/ar_BlockDiagram4.png Graphic file (type png)
<use bab3/ar_BlockDiagram4.png>
Package pdftex.def Info: bab3/ar_BlockDiagram4.png  used on input line 9.
(pdftex.def)             Requested size: 398.3386pt x 137.28374pt.
[31

 <./bab3/ar_BlockDiagram4.png>]
Underfull \vbox (badness 10000) has occurred while \output is active []

 [32] [33] [34]

LaTeX Warning: `!h' float specifier changed to `!ht'.

[35]
<bab3/ar_CNNArch.png, id=910, 496.85625pt x 271.0125pt>
File: bab3/ar_CNNArch.png Graphic file (type png)
<use bab3/ar_CNNArch.png>
Package pdftex.def Info: bab3/ar_CNNArch.png  used on input line 117.
(pdftex.def)             Requested size: 398.3386pt x 217.27757pt.
 [36 <./bab3/ar_CNNArch.png>]
<bab3/ar_LSTMArch.png, id=916, 613.54219pt x 467.49657pt>
File: bab3/ar_LSTMArch.png Graphic file (type png)
<use bab3/ar_LSTMArch.png>
Package pdftex.def Info: bab3/ar_LSTMArch.png  used on input line 136.
(pdftex.def)             Requested size: 398.3386pt x 303.51962pt.


LaTeX Warning: `!h' float specifier changed to `!ht'.


Underfull \vbox (badness 2762) has occurred while \output is active []

 [37]
<bab3/ar_CNNLSTMArch.png, id=922, 1073.51062pt x 470.50781pt>
File: bab3/ar_CNNLSTMArch.png Graphic file (type png)
<use bab3/ar_CNNLSTMArch.png>
Package pdftex.def Info: bab3/ar_CNNLSTMArch.png  used on input line 153.
(pdftex.def)             Requested size: 398.3386pt x 174.5877pt.

Underfull \vbox (badness 10000) has occurred while \output is active []

 [38 <./bab3/ar_LSTMArch.png>] [39 <./bab3/ar_CNNLSTMArch.png>]
<bab3/ar_DeepCNNLSTMArch.png, id=933, 1100.61188pt x 469.755pt>
File: bab3/ar_DeepCNNLSTMArch.png Graphic file (type png)
<use bab3/ar_DeepCNNLSTMArch.png>
Package pdftex.def Info: bab3/ar_DeepCNNLSTMArch.png  used on input line 164.
(pdftex.def)             Requested size: 398.3386pt x 170.01482pt.
 [40 <./bab3/ar_DeepCNNLSTMArch.png>]) [41] [42

] (./bab4/bab4.tex
Chapter 4.

LaTeX Warning: `!h' float specifier changed to `!ht'.

[43

]
<bab4/ar_DatasetDist.png, id=954, 496.10344pt x 651.18282pt>
File: bab4/ar_DatasetDist.png Graphic file (type png)
<use bab4/ar_DatasetDist.png>
Package pdftex.def Info: bab4/ar_DatasetDist.png  used on input line 39.
(pdftex.def)             Requested size: 398.3386pt x 522.86465pt.


LaTeX Warning: `!h' float specifier changed to `!ht'.


Underfull \vbox (badness 1490) has occurred while \output is active []

 [44]
Underfull \vbox (badness 10000) has occurred while \output is active []

 [45 <./bab4/ar_DatasetDist.png>]
<bab4/ar_VideoLength.png, id=965, 742.27313pt x 592.46344pt>
File: bab4/ar_VideoLength.png Graphic file (type png)
<use bab4/ar_VideoLength.png>
Package pdftex.def Info: bab4/ar_VideoLength.png  used on input line 58.
(pdftex.def)             Requested size: 239.00558pt x 190.7674pt.
 [46 <./bab4/ar_VideoLength.png>]
<bab4/ar_Key1.png, id=973, 180.675pt x 507.39563pt>
File: bab4/ar_Key1.png Graphic file (type png)
<use bab4/ar_Key1.png>
Package pdftex.def Info: bab4/ar_Key1.png  used on input line 76.
(pdftex.def)             Requested size: 131.45245pt x 369.16472pt.
<bab4/ar_Key2.png, id=974, 181.42781pt x 508.90125pt>
File: bab4/ar_Key2.png Graphic file (type png)
<use bab4/ar_Key2.png>
Package pdftex.def Info: bab4/ar_Key2.png  used on input line 77.
(pdftex.def)             Requested size: 131.45245pt x 368.73041pt.
<bab4/ar_Key3.png, id=975, 179.92218pt x 508.14844pt>
File: bab4/ar_Key3.png Graphic file (type png)
<use bab4/ar_Key3.png>
Package pdftex.def Info: bab4/ar_Key3.png  used on input line 78.
(pdftex.def)             Requested size: 131.45245pt x 371.28644pt.


LaTeX Warning: `!h' float specifier changed to `!ht'.


LaTeX Warning: No positions in optional float specifier.
               Default added (so using `tbp') on input line 91.

<bab4/ar_DataStructure.png, id=976, 348.55219pt x 687.31781pt>
File: bab4/ar_DataStructure.png Graphic file (type png)
<use bab4/ar_DataStructure.png>
Package pdftex.def Info: bab4/ar_DataStructure.png  used on input line 93.
(pdftex.def)             Requested size: 278.83578pt x 549.86548pt.

Underfull \vbox (badness 10000) has occurred while \output is active []

 [47]
Underfull \vbox (badness 10000) has occurred while \output is active []

 [48 <./bab4/ar_Key1.png> <./bab4/ar_Key2.png> <./bab4/ar_Key3.png>] [49 <./bab4/ar_DataStructure.png>]
<bab4/ar_KeypointExtractionSample.png, id=999, 201.75375pt x 389.20406pt>
File: bab4/ar_KeypointExtractionSample.png Graphic file (type png)
<use bab4/ar_KeypointExtractionSample.png>
Package pdftex.def Info: bab4/ar_KeypointExtractionSample.png  used on input line 103.
(pdftex.def)             Requested size: 131.45245pt x 253.58539pt.
<bab4/ar_npzFile.png, id=1002, 572.1375pt x 550.30594pt>
File: bab4/ar_npzFile.png Graphic file (type png)
<use bab4/ar_npzFile.png>
Package pdftex.def Info: bab4/ar_npzFile.png  used on input line 113.
(pdftex.def)             Requested size: 318.67209pt x 306.51501pt.


LaTeX Warning: `!h' float specifier changed to `!ht'.

[50 <./bab4/ar_KeypointExtractionSample.png>]
Underfull \vbox (badness 4582) has occurred while \output is active []

 [51 <./bab4/ar_npzFile.png>]
<bab4/ar_CNN_AccLoss.png, id=1017, 835.4412pt x 284.0211pt>
File: bab4/ar_CNN_AccLoss.png Graphic file (type png)
<use bab4/ar_CNN_AccLoss.png>
Package pdftex.def Info: bab4/ar_CNN_AccLoss.png  used on input line 137.
(pdftex.def)             Requested size: 398.3386pt x 135.41847pt.
<bab4/ar_CNN_Confmatrix.png, id=1018, 650.43pt x 528.2937pt>
File: bab4/ar_CNN_Confmatrix.png Graphic file (type png)
<use bab4/ar_CNN_Confmatrix.png>
Package pdftex.def Info: bab4/ar_CNN_Confmatrix.png  used on input line 147.
(pdftex.def)             Requested size: 398.3386pt x 323.54846pt.


LaTeX Warning: `!h' float specifier changed to `!ht'.

[52 <./bab4/ar_CNN_AccLoss.png>]
Underfull \vbox (badness 10000) has occurred while \output is active []

 [53 <./bab4/ar_CNN_Confmatrix.png>] [54]
<bab4/ar_LSTM_AccLoss.png, id=1038, 835.4412pt x 284.0211pt>
File: bab4/ar_LSTM_AccLoss.png Graphic file (type png)
<use bab4/ar_LSTM_AccLoss.png>
Package pdftex.def Info: bab4/ar_LSTM_AccLoss.png  used on input line 206.
(pdftex.def)             Requested size: 398.3386pt x 135.41847pt.


LaTeX Warning: `!h' float specifier changed to `!ht'.

[55]
<bab4/ar_LSTM_Confmatrix.png, id=1044, 650.43pt x 528.2937pt>
File: bab4/ar_LSTM_Confmatrix.png Graphic file (type png)
<use bab4/ar_LSTM_Confmatrix.png>
Package pdftex.def Info: bab4/ar_LSTM_Confmatrix.png  used on input line 219.
(pdftex.def)             Requested size: 398.3386pt x 323.54846pt.


LaTeX Warning: `!h' float specifier changed to `!ht'.

[56 <./bab4/ar_LSTM_AccLoss.png>]
Underfull \vbox (badness 10000) has occurred while \output is active []

 [57 <./bab4/ar_LSTM_Confmatrix.png>] [58] [59]
<bab4/ar_CNNLSTM_AccLoss.png, id=1069, 835.4412pt x 284.0211pt>
File: bab4/ar_CNNLSTM_AccLoss.png Graphic file (type png)
<use bab4/ar_CNNLSTM_AccLoss.png>
Package pdftex.def Info: bab4/ar_CNNLSTM_AccLoss.png  used on input line 278.
(pdftex.def)             Requested size: 398.3386pt x 135.41847pt.
 [60 <./bab4/ar_CNNLSTM_AccLoss.png>]
<bab4/ar_CNNLSTM_Confmatrix.png, id=1076, 650.43pt x 528.2937pt>
File: bab4/ar_CNNLSTM_Confmatrix.png Graphic file (type png)
<use bab4/ar_CNNLSTM_Confmatrix.png>
Package pdftex.def Info: bab4/ar_CNNLSTM_Confmatrix.png  used on input line 294.
(pdftex.def)             Requested size: 398.3386pt x 323.54846pt.
 [61 <./bab4/ar_CNNLSTM_Confmatrix.png>]

LaTeX Warning: `!h' float specifier changed to `!ht'.


Underfull \vbox (badness 10000) has occurred while \output is active []

 [62]

LaTeX Warning: `!h' float specifier changed to `!ht'.


Underfull \vbox (badness 6808) has occurred while \output is active []

 [63]
<bab4/ar_DeepCNNLSTM_AccLoss.png, id=1093, 835.4412pt x 284.0211pt>
File: bab4/ar_DeepCNNLSTM_AccLoss.png Graphic file (type png)
<use bab4/ar_DeepCNNLSTM_AccLoss.png>
Package pdftex.def Info: bab4/ar_DeepCNNLSTM_AccLoss.png  used on input line 353.
(pdftex.def)             Requested size: 398.3386pt x 135.41847pt.
 [64 <./bab4/ar_DeepCNNLSTM_AccLoss.png>]
<bab4/ar_DeepCNNLSTM_Confmatrix.png, id=1100, 650.43pt x 528.2937pt>
File: bab4/ar_DeepCNNLSTM_Confmatrix.png Graphic file (type png)
<use bab4/ar_DeepCNNLSTM_Confmatrix.png>
Package pdftex.def Info: bab4/ar_DeepCNNLSTM_Confmatrix.png  used on input line 366.
(pdftex.def)             Requested size: 398.3386pt x 323.54846pt.


LaTeX Warning: `!h' float specifier changed to `!ht'.


Underfull \vbox (badness 10000) has occurred while \output is active []

 [65]
Underfull \vbox (badness 10000) has occurred while \output is active []

 [66 <./bab4/ar_DeepCNNLSTM_Confmatrix.png>] [67] [68] [69]
Underfull \vbox (badness 10000) has occurred while \output is active []

 [70]
Underfull \vbox (badness 10000) has occurred while \output is active []

 [71]

LaTeX Warning: `!h' float specifier changed to `!ht'.


Underfull \vbox (badness 2762) has occurred while \output is active []

 [72]) [73] [74

] (./bab5/bab5.tex
Chapter 5.
[75

]) [76] (./lib/formatbibliography.tex (./thesis.bbl (./thesis.brf)
\tf@brf=\write8
\openout8 = `thesis.brf'.

 [77


] [78] [79] [80] [81] [82]) [83] [84

]) (./lib/formatCV.tex (./ubah/DaftarRiwayatHidup.tex
<./ubah/foto_amik.jpg, id=1221, 3091.55pt x 4384.38pt>
File: ./ubah/foto_amik.jpg Graphic file (type jpg)
<use ./ubah/foto_amik.jpg>
Package pdftex.def Info: ./ubah/foto_amik.jpg  used on input line 5.
(pdftex.def)             Requested size: 93.07271pt x 132.01877pt.

Overfull \hbox (5.1206pt too wide) in paragraph at lines 9--20
[][] 
 []


Underfull \hbox (badness 1762) in paragraph at lines 30--31
[]|\OT1/cmr/m/n/12 2$[]$ Kudus Is-lamic State Se-nior High School
 []


Overfull \hbox (5.1206pt too wide) in paragraph at lines 22--38
[][] 
 []

) [85

 <./ubah/foto_amik.jpg>] [86

]) (./thesis.aux)
Package rerunfilecheck Info: File `thesis.out' has not changed.
(rerunfilecheck)             Checksum: B540492D6678F0EE8C65C86B51487240;10731.
Package rerunfilecheck Info: File `thesis.brf' has not changed.
(rerunfilecheck)             Checksum: C2FA7F80933F753368755829F88EEFB0;4566.
 ) 
Here is how much of TeX's memory you used:
 26234 strings out of 476097
 489820 string characters out of 5795135
 1869845 words of memory out of 5000000
 45789 multiletter control sequences out of 15000+600000
 521035 words of font info for 61 fonts, out of 8000000 for 9000
 1147 hyphenation exceptions out of 8191
 80i,18n,82p,2350b,1409s stack positions out of 10000i,1000n,20000p,200000b,200000s
<c:/texlive/2023/texmf-dist/fonts/type1/public/amsfonts/cm/cmbx10.pfb><c:/texlive/2023/texmf-dist/fonts/type1/public/amsfonts/cm/cmbx12.pfb><c:/texlive/2023/texmf-dist/fonts/type1/public/amsfonts/cm/cmex10.pfb><c:/texlive/2023/texmf-dist/fonts/type1/public/amsfonts/cm/cmmi12.pfb><c:/texlive/2023/texmf-dist/fonts/type1/public/amsfonts/cm/cmmi8.pfb><c:/texlive/2023/texmf-dist/fonts/type1/public/amsfonts/cm/cmr10.pfb><c:/texlive/2023/texmf-dist/fonts/type1/public/amsfonts/cm/cmr12.pfb><c:/texlive/2023/texmf-dist/fonts/type1/public/amsfonts/cm/cmr8.pfb><c:/texlive/2023/texmf-dist/fonts/type1/public/amsfonts/cm/cmss12.pfb><c:/texlive/2023/texmf-dist/fonts/type1/public/amsfonts/cm/cmssbx10.pfb><c:/texlive/2023/texmf-dist/fonts/type1/public/amsfonts/cm/cmsy10.pfb><c:/texlive/2023/texmf-dist/fonts/type1/public/amsfonts/cm/cmsy8.pfb><c:/texlive/2023/texmf-dist/fonts/type1/public/amsfonts/cm/cmti12.pfb><c:/texlive/2023/texmf-dist/fonts/type1/public/cm-super/sfrm1200.pfb>
Output written on thesis.pdf (106 pages, 10345823 bytes).
PDF statistics:
 1362 PDF objects out of 1440 (max. 8388607)
 1131 compressed objects within 12 object streams
 306 named destinations out of 1000 (max. 500000)
 681 words of extra memory for PDF output out of 10000 (max. 10000000)

